p/WIN_20200730_18_08_51_Pro.jpg 1 0 0 168 223
p/WIN_20200730_18_08_48_Pro.jpg 1 0 0 216 259
p/WIN_20200730_18_08_43_Pro.jpg 1 0 0 174 257
p/WIN_20200730_18_08_42_Pro.jpg 1 0 0 189 273
p/WIN_20200730_18_08_40_Pro.jpg 1 0 0 181 298
p/WIN_20200730_18_08_37_Pro.jpg 1 0 0 195 263
p/WIN_20200730_18_08_36_Pro.jpg 1 0 0 314 366
p/WIN_20200730_18_08_35_Pro.jpg 1 0 0 299 293
p/WIN_20200730_18_08_21_Pro.jpg 1 0 0 163 145
p/WIN_20200730_18_08_19_Pro.jpg 1 0 0 247 198
p/WIN_20200730_18_08_16_Pro.jpg 1 0 0 195 230
p/WIN_20200730_18_08_14_Pro.jpg 1 0 0 190 247
p/WIN_20200730_18_08_06_Pro.jpg 1 0 0 143 162
p/WIN_20200730_18_08_02_Pro.jpg 1 0 0 139 170
p/WIN_20200730_18_08_01_Pro.jpg 1 0 0 107 133
p/WIN_20200730_18_07_59_Pro.jpg 1 0 0 124 168
p/WIN_20200730_18_07_56_Pro.jpg 1 0 0 141 151
p/WIN_20200730_18_07_55_Pro.jpg 1 0 0 208 133
p/WIN_20200730_18_07_53_Pro.jpg 1 0 0 236 141
p/WIN_20200730_18_07_41_Pro.jpg 1 0 0 163 183
p/WIN_20200730_18_07_38_Pro.jpg 1 0 0 120 178
p/WIN_20200730_18_07_36_Pro.jpg 1 0 0 109 223
p/WIN_20200730_18_07_27_Pro.jpg 1 0 0 242 342
p/1596111488973.jpg 1 0 0 300 168
p/1596111488972.jpg 1 0 0 275 183
p/1596111488971.jpg 1 0 0 275 183
p/586089main_me-candleFlame_full.jpg 1 0 0 946 710
p/hqdefault.jpg 1 0 0 480 360
p/depositphotos_59720475-stock-photo-candle-light-in-the-dark.jpg 1 0 0 600 400
p/1596111488970.jpg 1 0 0 300 168
p/candle-929028_960_720.jpg 1 0 0 960 639
p/1596111488969.jpg 1 0 0 175 287
p/18lqdbxq1hz7bjpg.jpg 1 0 0 800 450
p/800px_COLOURBOX3369586.jpg 1 0 0 531 800
p/1596111488956.jpg 1 0 0 852 480
p/1596111488984.jpg 1 0 0 590 332
p/1596111488964.jpg 1 0 0 852 480
p/1596111488983.jpg 1 0 0 590 332
p/1596111488963.jpg 1 0 0 852 480
p/1596111488962.jpg 1 0 0 852 480
p/2017-06-26-06-54-45.jpg 1 0 0 4681 3100
p/1596111488968.jpg 1 0 0 275 183
p/1596111488967.jpg 1 0 0 259 194
p/1596111488966.jpg 1 0 0 275 183
p/1596111488981.jpg 1 0 0 276 183
p/1596111488980.jpg 1 0 0 267 189
p/1596111488979.jpg 1 0 0 201 250
p/1596111488978.jpg 1 0 0 181 278
p/candle-flame-texture-png-1.jpg 1 0 0 384 176
p/1596111488977.jpg 1 0 0 183 275
p/1596111488976.jpg 1 0 0 295 171
p/1596111488975.jpg 1 0 0 224 225
p/1596111488985.jpg 1 0 0 590 300
p/download.jpg 1 0 0 216 233
p/1596111488974.jpg 1 0 0 276 183
p/1596111488961.jpg 1 0 0 852 480
p/maxresdefault.jpg 1 0 0 1280 720
p/1596111488960.jpg 1 0 0 852 480
p/1dv.jpg 1 0 0 480 270
p/1596111488982.jpg 1 0 0 590 332
p/1596111488959.jpg 1 0 0 852 480
p/1596111488958.jpg 1 0 0 852 480
p/1596111488957.jpg 1 0 0 852 480
p/1596111488955.jpg 1 0 0 852 480
p/1596111488965.jpg 1 0 0 300 168
p/inline_image_preview.jpg 1 0 0 590 332
p/1.jpg 1 0 0 852 480
p/images.jpg 1 0 0 275 183
p/2017-06-26-06-50-31.jpg 1 0 0 3693 2462